2023-10-12T07:42:53.257+05:30  INFO 12528 --- [restartedMain] c.e.demo.PlaylistSecurityApplication     : Starting PlaylistSecurityApplication using Java 17.0.6 with PID 12528 (D:\projects\spring tool suite workspace\Playlist-security\target\classes started by Dharshan in D:\projects\spring tool suite workspace\Playlist-security)
2023-10-12T07:42:53.262+05:30  INFO 12528 --- [restartedMain] c.e.demo.PlaylistSecurityApplication     : No active profile set, falling back to 1 default profile: "default"
2023-10-12T07:42:53.303+05:30  INFO 12528 --- [restartedMain] .e.DevToolsPropertyDefaultsPostProcessor : Devtools property defaults active! Set 'spring.devtools.add-properties' to 'false' to disable
2023-10-12T07:42:53.304+05:30  INFO 12528 --- [restartedMain] .e.DevToolsPropertyDefaultsPostProcessor : For additional web related logging consider setting the 'logging.level.web' property to 'DEBUG'
2023-10-12T07:42:53.966+05:30  INFO 12528 --- [restartedMain] .s.d.r.c.RepositoryConfigurationDelegate : Bootstrapping Spring Data JPA repositories in DEFAULT mode.
2023-10-12T07:42:54.023+05:30  INFO 12528 --- [restartedMain] .s.d.r.c.RepositoryConfigurationDelegate : Finished Spring Data repository scanning in 50 ms. Found 5 JPA repository interfaces.
2023-10-12T07:42:54.494+05:30  INFO 12528 --- [restartedMain] o.s.b.w.embedded.tomcat.TomcatWebServer  : Tomcat initialized with port(s): 8181 (http)
2023-10-12T07:42:54.503+05:30  INFO 12528 --- [restartedMain] o.apache.catalina.core.StandardService   : Starting service [Tomcat]
2023-10-12T07:42:54.503+05:30  INFO 12528 --- [restartedMain] o.apache.catalina.core.StandardEngine    : Starting Servlet engine: [Apache Tomcat/10.1.13]
2023-10-12T07:42:54.565+05:30  INFO 12528 --- [restartedMain] o.a.c.c.C.[Tomcat].[localhost].[/]       : Initializing Spring embedded WebApplicationContext
2023-10-12T07:42:54.566+05:30  INFO 12528 --- [restartedMain] w.s.c.ServletWebServerApplicationContext : Root WebApplicationContext: initialization completed in 1262 ms
2023-10-12T07:42:54.669+05:30  INFO 12528 --- [restartedMain] o.hibernate.jpa.internal.util.LogHelper  : HHH000204: Processing PersistenceUnitInfo [name: default]
2023-10-12T07:42:54.726+05:30  INFO 12528 --- [restartedMain] org.hibernate.Version                    : HHH000412: Hibernate ORM core version 6.2.9.Final
2023-10-12T07:42:54.732+05:30  INFO 12528 --- [restartedMain] org.hibernate.cfg.Environment            : HHH000406: Using bytecode reflection optimizer
2023-10-12T07:42:54.852+05:30  INFO 12528 --- [restartedMain] o.h.b.i.BytecodeProviderInitiator        : HHH000021: Bytecode provider name : bytebuddy
2023-10-12T07:42:54.967+05:30  INFO 12528 --- [restartedMain] o.s.o.j.p.SpringPersistenceUnitInfo      : No LoadTimeWeaver setup: ignoring JPA class transformer
2023-10-12T07:42:54.981+05:30  INFO 12528 --- [restartedMain] com.zaxxer.hikari.HikariDataSource       : HikariPool-1 - Starting...
2023-10-12T07:42:55.265+05:30  INFO 12528 --- [restartedMain] com.zaxxer.hikari.pool.HikariPool        : HikariPool-1 - Added connection com.mysql.cj.jdbc.ConnectionImpl@2a8fa28d
2023-10-12T07:42:55.267+05:30  INFO 12528 --- [restartedMain] com.zaxxer.hikari.HikariDataSource       : HikariPool-1 - Start completed.
2023-10-12T07:42:55.316+05:30  WARN 12528 --- [restartedMain] org.hibernate.orm.deprecation            : HHH90000026: MySQL8Dialect has been deprecated; use org.hibernate.dialect.MySQLDialect instead
2023-10-12T07:42:55.539+05:30  INFO 12528 --- [restartedMain] o.h.b.i.BytecodeProviderInitiator        : HHH000021: Bytecode provider name : bytebuddy
2023-10-12T07:42:56.124+05:30  INFO 12528 --- [restartedMain] o.h.e.t.j.p.i.JtaPlatformInitiator       : HHH000490: Using JtaPlatform implementation: [org.hibernate.engine.transaction.jta.platform.internal.NoJtaPlatform]
2023-10-12T07:42:56.195+05:30  INFO 12528 --- [restartedMain] j.LocalContainerEntityManagerFactoryBean : Initialized JPA EntityManagerFactory for persistence unit 'default'
2023-10-12T07:42:56.704+05:30  WARN 12528 --- [restartedMain] JpaBaseConfiguration$JpaWebConfiguration : spring.jpa.open-in-view is enabled by default. Therefore, database queries may be performed during view rendering. Explicitly configure spring.jpa.open-in-view to disable this warning
2023-10-12T07:42:56.958+05:30  INFO 12528 --- [restartedMain] o.s.s.web.DefaultSecurityFilterChain     : Will secure any request with [org.springframework.security.web.session.DisableEncodeUrlFilter@41631b61, org.springframework.security.web.context.request.async.WebAsyncManagerIntegrationFilter@678527c8, org.springframework.security.web.context.SecurityContextHolderFilter@3438e92, org.springframework.security.web.header.HeaderWriterFilter@5506c13c, org.springframework.web.filter.CorsFilter@49ccd82d, org.springframework.security.web.authentication.logout.LogoutFilter@6caa0018, com.example.demo.config.JwtAuthentication@12735d21, org.springframework.security.web.savedrequest.RequestCacheAwareFilter@27bb88a2, org.springframework.security.web.servletapi.SecurityContextHolderAwareRequestFilter@468ccbd6, org.springframework.security.web.authentication.AnonymousAuthenticationFilter@12e93d4, org.springframework.security.web.session.SessionManagementFilter@1b5ad1e7, org.springframework.security.web.access.ExceptionTranslationFilter@636e1d59, org.springframework.security.web.access.intercept.AuthorizationFilter@19a7fcf1]
2023-10-12T07:42:57.204+05:30  INFO 12528 --- [restartedMain] o.s.b.d.a.OptionalLiveReloadServer       : LiveReload server is running on port 35729
2023-10-12T07:42:57.241+05:30  INFO 12528 --- [restartedMain] o.s.b.w.embedded.tomcat.TomcatWebServer  : Tomcat started on port(s): 8181 (http) with context path ''
2023-10-12T07:42:57.248+05:30  INFO 12528 --- [restartedMain] c.e.demo.PlaylistSecurityApplication     : Started PlaylistSecurityApplication in 4.335 seconds (process running for 5.166)
2023-10-12T07:44:30.568+05:30  INFO 12528 --- [http-nio-8181-exec-1] o.a.c.c.C.[Tomcat].[localhost].[/]       : Initializing Spring DispatcherServlet 'dispatcherServlet'
2023-10-12T07:44:30.568+05:30  INFO 12528 --- [http-nio-8181-exec-1] o.s.web.servlet.DispatcherServlet        : Initializing Servlet 'dispatcherServlet'
2023-10-12T07:44:30.569+05:30  INFO 12528 --- [http-nio-8181-exec-1] o.s.web.servlet.DispatcherServlet        : Completed initialization in 1 ms
2023-10-12T07:44:30.575+05:30 DEBUG 12528 --- [http-nio-8181-exec-1] o.s.security.web.FilterChainProxy        : Securing OPTIONS /api/song/getall
2023-10-12T07:44:30.590+05:30 DEBUG 12528 --- [http-nio-8181-exec-2] o.s.security.web.FilterChainProxy        : Securing GET /api/song/getall
2023-10-12T07:44:30.774+05:30 DEBUG 12528 --- [http-nio-8181-exec-2] o.s.security.web.FilterChainProxy        : Secured GET /api/song/getall
2023-10-12T07:44:34.222+05:30 DEBUG 12528 --- [http-nio-8181-exec-4] o.s.security.web.FilterChainProxy        : Securing OPTIONS /api/song/delete/10
2023-10-12T07:44:34.225+05:30 DEBUG 12528 --- [http-nio-8181-exec-5] o.s.security.web.FilterChainProxy        : Securing DELETE /api/song/delete/10
2023-10-12T07:44:34.233+05:30 DEBUG 12528 --- [http-nio-8181-exec-5] o.s.security.web.FilterChainProxy        : Secured DELETE /api/song/delete/10
2023-10-12T07:44:36.871+05:30 DEBUG 12528 --- [http-nio-8181-exec-6] o.s.security.web.FilterChainProxy        : Securing OPTIONS /api/song/getall
2023-10-12T07:44:36.876+05:30 DEBUG 12528 --- [http-nio-8181-exec-7] o.s.security.web.FilterChainProxy        : Securing GET /api/song/getall
2023-10-12T07:44:36.892+05:30 DEBUG 12528 --- [http-nio-8181-exec-7] o.s.security.web.FilterChainProxy        : Secured GET /api/song/getall
2023-10-12T07:48:28.510+05:30 DEBUG 12528 --- [http-nio-8181-exec-9] o.s.security.web.FilterChainProxy        : Securing OPTIONS /api/song/create
2023-10-12T07:48:28.512+05:30 DEBUG 12528 --- [http-nio-8181-exec-10] o.s.security.web.FilterChainProxy        : Securing POST /api/song/create
2023-10-12T07:48:28.519+05:30 DEBUG 12528 --- [http-nio-8181-exec-10] o.s.security.web.FilterChainProxy        : Secured POST /api/song/create
2023-10-12T07:48:36.093+05:30 DEBUG 12528 --- [http-nio-8181-exec-1] o.s.security.web.FilterChainProxy        : Securing OPTIONS /api/song/create
2023-10-12T07:48:36.095+05:30 DEBUG 12528 --- [http-nio-8181-exec-2] o.s.security.web.FilterChainProxy        : Securing POST /api/song/create
2023-10-12T07:48:36.102+05:30 DEBUG 12528 --- [http-nio-8181-exec-2] o.s.security.web.FilterChainProxy        : Secured POST /api/song/create
2023-10-12T07:50:01.201+05:30 DEBUG 12528 --- [http-nio-8181-exec-4] o.s.security.web.FilterChainProxy        : Securing OPTIONS /api/song/create
2023-10-12T07:50:01.203+05:30 DEBUG 12528 --- [http-nio-8181-exec-5] o.s.security.web.FilterChainProxy        : Securing POST /api/song/create
2023-10-12T07:50:01.211+05:30 DEBUG 12528 --- [http-nio-8181-exec-5] o.s.security.web.FilterChainProxy        : Secured POST /api/song/create
2023-10-12T07:50:49.981+05:30 DEBUG 12528 --- [http-nio-8181-exec-7] o.s.security.web.FilterChainProxy        : Securing OPTIONS /api/song/create
2023-10-12T07:50:49.982+05:30 DEBUG 12528 --- [http-nio-8181-exec-8] o.s.security.web.FilterChainProxy        : Securing POST /api/song/create
2023-10-12T07:50:49.990+05:30 DEBUG 12528 --- [http-nio-8181-exec-8] o.s.security.web.FilterChainProxy        : Secured POST /api/song/create
2023-10-12T07:50:59.384+05:30 DEBUG 12528 --- [http-nio-8181-exec-9] o.s.security.web.FilterChainProxy        : Securing OPTIONS /api/song/create
2023-10-12T07:50:59.386+05:30 DEBUG 12528 --- [http-nio-8181-exec-10] o.s.security.web.FilterChainProxy        : Securing POST /api/song/create
2023-10-12T07:50:59.393+05:30 DEBUG 12528 --- [http-nio-8181-exec-10] o.s.security.web.FilterChainProxy        : Secured POST /api/song/create
2023-10-12T07:53:53.683+05:30 DEBUG 12528 --- [http-nio-8181-exec-2] o.s.security.web.FilterChainProxy        : Securing OPTIONS /api/song/create
2023-10-12T07:53:53.685+05:30 DEBUG 12528 --- [http-nio-8181-exec-3] o.s.security.web.FilterChainProxy        : Securing POST /api/song/create
2023-10-12T07:53:53.692+05:30 DEBUG 12528 --- [http-nio-8181-exec-3] o.s.security.web.FilterChainProxy        : Secured POST /api/song/create
2023-10-12T07:54:01.691+05:30 DEBUG 12528 --- [http-nio-8181-exec-4] o.s.security.web.FilterChainProxy        : Securing OPTIONS /api/song/create
2023-10-12T07:54:01.693+05:30 DEBUG 12528 --- [http-nio-8181-exec-5] o.s.security.web.FilterChainProxy        : Securing POST /api/song/create
2023-10-12T07:54:01.700+05:30 DEBUG 12528 --- [http-nio-8181-exec-5] o.s.security.web.FilterChainProxy        : Secured POST /api/song/create
2023-10-12T07:55:16.653+05:30 DEBUG 12528 --- [http-nio-8181-exec-7] o.s.security.web.FilterChainProxy        : Securing OPTIONS /api/song/getall
2023-10-12T07:55:16.657+05:30 DEBUG 12528 --- [http-nio-8181-exec-8] o.s.security.web.FilterChainProxy        : Securing GET /api/song/getall
2023-10-12T07:55:16.667+05:30 DEBUG 12528 --- [http-nio-8181-exec-8] o.s.security.web.FilterChainProxy        : Secured GET /api/song/getall
2023-10-12T07:57:15.296+05:30 DEBUG 12528 --- [http-nio-8181-exec-10] o.s.security.web.FilterChainProxy        : Securing OPTIONS /api/song/getall
2023-10-12T07:57:15.298+05:30 DEBUG 12528 --- [http-nio-8181-exec-1] o.s.security.web.FilterChainProxy        : Securing GET /api/song/getall
2023-10-12T07:57:15.306+05:30 DEBUG 12528 --- [http-nio-8181-exec-1] o.s.security.web.FilterChainProxy        : Secured GET /api/song/getall
2023-10-12T08:00:59.224+05:30  INFO 12528 --- [RMI TCP Connection(20)-127.0.0.1] inMXBeanRegistrar$SpringApplicationAdmin : Application shutdown requested.
2023-10-12T08:00:59.237+05:30  INFO 12528 --- [RMI TCP Connection(20)-127.0.0.1] o.apache.catalina.core.StandardService   : Stopping service [Tomcat]
2023-10-12T08:00:59.238+05:30  INFO 12528 --- [RMI TCP Connection(20)-127.0.0.1] o.a.c.c.C.[Tomcat].[localhost].[/]       : Destroying Spring FrameworkServlet 'dispatcherServlet'
2023-10-12T08:00:59.241+05:30  WARN 12528 --- [RMI TCP Connection(20)-127.0.0.1] o.a.c.loader.WebappClassLoaderBase       : The web application [ROOT] appears to have started a thread named [HikariPool-1 housekeeper] but has failed to stop it. This is very likely to create a memory leak. Stack trace of thread:
 java.base@17.0.6/jdk.internal.misc.Unsafe.park(Native Method)
 java.base@17.0.6/java.util.concurrent.locks.LockSupport.parkNanos(LockSupport.java:252)
 java.base@17.0.6/java.util.concurrent.locks.AbstractQueuedSynchronizer$ConditionObject.awaitNanos(AbstractQueuedSynchronizer.java:1672)
 java.base@17.0.6/java.util.concurrent.ScheduledThreadPoolExecutor$DelayedWorkQueue.take(ScheduledThreadPoolExecutor.java:1182)
 java.base@17.0.6/java.util.concurrent.ScheduledThreadPoolExecutor$DelayedWorkQueue.take(ScheduledThreadPoolExecutor.java:899)
 java.base@17.0.6/java.util.concurrent.ThreadPoolExecutor.getTask(ThreadPoolExecutor.java:1062)
 java.base@17.0.6/java.util.concurrent.ThreadPoolExecutor.runWorker(ThreadPoolExecutor.java:1122)
 java.base@17.0.6/java.util.concurrent.ThreadPoolExecutor$Worker.run(ThreadPoolExecutor.java:635)
 java.base@17.0.6/java.lang.Thread.run(Thread.java:833)
2023-10-12T08:00:59.244+05:30  INFO 12528 --- [RMI TCP Connection(20)-127.0.0.1] j.LocalContainerEntityManagerFactoryBean : Closing JPA EntityManagerFactory for persistence unit 'default'
2023-10-12T08:00:59.247+05:30  INFO 12528 --- [RMI TCP Connection(20)-127.0.0.1] com.zaxxer.hikari.HikariDataSource       : HikariPool-1 - Shutdown initiated...
2023-10-12T08:00:59.251+05:30  INFO 12528 --- [RMI TCP Connection(20)-127.0.0.1] com.zaxxer.hikari.HikariDataSource       : HikariPool-1 - Shutdown completed.
2023-10-12T09:28:16.020+05:30  INFO 17756 --- [restartedMain] c.e.demo.PlaylistSecurityApplication     : Starting PlaylistSecurityApplication using Java 17.0.6 with PID 17756 (D:\projects\spring tool suite workspace\Playlist-security\target\classes started by Dharshan in D:\projects\spring tool suite workspace\Playlist-security)
2023-10-12T09:28:16.024+05:30  INFO 17756 --- [restartedMain] c.e.demo.PlaylistSecurityApplication     : No active profile set, falling back to 1 default profile: "default"
2023-10-12T09:28:16.098+05:30  INFO 17756 --- [restartedMain] .e.DevToolsPropertyDefaultsPostProcessor : Devtools property defaults active! Set 'spring.devtools.add-properties' to 'false' to disable
2023-10-12T09:28:16.099+05:30  INFO 17756 --- [restartedMain] .e.DevToolsPropertyDefaultsPostProcessor : For additional web related logging consider setting the 'logging.level.web' property to 'DEBUG'
2023-10-12T09:28:17.383+05:30  INFO 17756 --- [restartedMain] .s.d.r.c.RepositoryConfigurationDelegate : Bootstrapping Spring Data JPA repositories in DEFAULT mode.
2023-10-12T09:28:17.503+05:30  INFO 17756 --- [restartedMain] .s.d.r.c.RepositoryConfigurationDelegate : Finished Spring Data repository scanning in 107 ms. Found 5 JPA repository interfaces.
2023-10-12T09:28:18.521+05:30  INFO 17756 --- [restartedMain] o.s.b.w.embedded.tomcat.TomcatWebServer  : Tomcat initialized with port(s): 8181 (http)
2023-10-12T09:28:18.539+05:30  INFO 17756 --- [restartedMain] o.apache.catalina.core.StandardService   : Starting service [Tomcat]
2023-10-12T09:28:18.539+05:30  INFO 17756 --- [restartedMain] o.apache.catalina.core.StandardEngine    : Starting Servlet engine: [Apache Tomcat/10.1.13]
2023-10-12T09:28:18.682+05:30  INFO 17756 --- [restartedMain] o.a.c.c.C.[Tomcat].[localhost].[/]       : Initializing Spring embedded WebApplicationContext
2023-10-12T09:28:18.683+05:30  INFO 17756 --- [restartedMain] w.s.c.ServletWebServerApplicationContext : Root WebApplicationContext: initialization completed in 2583 ms
2023-10-12T09:28:18.908+05:30  INFO 17756 --- [restartedMain] o.hibernate.jpa.internal.util.LogHelper  : HHH000204: Processing PersistenceUnitInfo [name: default]
2023-10-12T09:28:19.006+05:30  INFO 17756 --- [restartedMain] org.hibernate.Version                    : HHH000412: Hibernate ORM core version 6.2.9.Final
2023-10-12T09:28:19.011+05:30  INFO 17756 --- [restartedMain] org.hibernate.cfg.Environment            : HHH000406: Using bytecode reflection optimizer
2023-10-12T09:28:19.252+05:30  INFO 17756 --- [restartedMain] o.h.b.i.BytecodeProviderInitiator        : HHH000021: Bytecode provider name : bytebuddy
2023-10-12T09:28:19.516+05:30  INFO 17756 --- [restartedMain] o.s.o.j.p.SpringPersistenceUnitInfo      : No LoadTimeWeaver setup: ignoring JPA class transformer
2023-10-12T09:28:19.544+05:30  INFO 17756 --- [restartedMain] com.zaxxer.hikari.HikariDataSource       : HikariPool-1 - Starting...
2023-10-12T09:28:20.035+05:30  INFO 17756 --- [restartedMain] com.zaxxer.hikari.pool.HikariPool        : HikariPool-1 - Added connection com.mysql.cj.jdbc.ConnectionImpl@60713fd8
2023-10-12T09:28:20.040+05:30  INFO 17756 --- [restartedMain] com.zaxxer.hikari.HikariDataSource       : HikariPool-1 - Start completed.
2023-10-12T09:28:20.130+05:30  WARN 17756 --- [restartedMain] org.hibernate.orm.deprecation            : HHH90000026: MySQL8Dialect has been deprecated; use org.hibernate.dialect.MySQLDialect instead
2023-10-12T09:28:20.550+05:30  INFO 17756 --- [restartedMain] o.h.b.i.BytecodeProviderInitiator        : HHH000021: Bytecode provider name : bytebuddy
2023-10-12T09:28:21.690+05:30  INFO 17756 --- [restartedMain] o.h.e.t.j.p.i.JtaPlatformInitiator       : HHH000490: Using JtaPlatform implementation: [org.hibernate.engine.transaction.jta.platform.internal.NoJtaPlatform]
2023-10-12T09:28:21.818+05:30  INFO 17756 --- [restartedMain] j.LocalContainerEntityManagerFactoryBean : Initialized JPA EntityManagerFactory for persistence unit 'default'
2023-10-12T09:28:22.860+05:30  WARN 17756 --- [restartedMain] JpaBaseConfiguration$JpaWebConfiguration : spring.jpa.open-in-view is enabled by default. Therefore, database queries may be performed during view rendering. Explicitly configure spring.jpa.open-in-view to disable this warning
2023-10-12T09:28:23.475+05:30  INFO 17756 --- [restartedMain] o.s.s.web.DefaultSecurityFilterChain     : Will secure any request with [org.springframework.security.web.session.DisableEncodeUrlFilter@36030c91, org.springframework.security.web.context.request.async.WebAsyncManagerIntegrationFilter@116b3838, org.springframework.security.web.context.SecurityContextHolderFilter@29980237, org.springframework.security.web.header.HeaderWriterFilter@636e1d59, org.springframework.web.filter.CorsFilter@41631b61, org.springframework.security.web.authentication.logout.LogoutFilter@4ea1c5a, com.example.demo.config.JwtAuthentication@2092774e, org.springframework.security.web.savedrequest.RequestCacheAwareFilter@3438e92, org.springframework.security.web.servletapi.SecurityContextHolderAwareRequestFilter@27bb88a2, org.springframework.security.web.authentication.AnonymousAuthenticationFilter@678527c8, org.springframework.security.web.session.SessionManagementFilter@7f51f7bc, org.springframework.security.web.access.ExceptionTranslationFilter@37922815, org.springframework.security.web.access.intercept.AuthorizationFilter@19a7dd14]
2023-10-12T09:28:23.940+05:30  INFO 17756 --- [restartedMain] o.s.b.d.a.OptionalLiveReloadServer       : LiveReload server is running on port 35729
2023-10-12T09:28:24.003+05:30  INFO 17756 --- [restartedMain] o.s.b.w.embedded.tomcat.TomcatWebServer  : Tomcat started on port(s): 8181 (http) with context path ''
2023-10-12T09:28:24.017+05:30  INFO 17756 --- [restartedMain] c.e.demo.PlaylistSecurityApplication     : Started PlaylistSecurityApplication in 8.593 seconds (process running for 9.842)
2023-10-12T09:28:42.617+05:30  INFO 17756 --- [http-nio-8181-exec-1] o.a.c.c.C.[Tomcat].[localhost].[/]       : Initializing Spring DispatcherServlet 'dispatcherServlet'
2023-10-12T09:28:42.618+05:30  INFO 17756 --- [http-nio-8181-exec-1] o.s.web.servlet.DispatcherServlet        : Initializing Servlet 'dispatcherServlet'
2023-10-12T09:28:42.620+05:30  INFO 17756 --- [http-nio-8181-exec-1] o.s.web.servlet.DispatcherServlet        : Completed initialization in 2 ms
2023-10-12T09:28:42.634+05:30 DEBUG 17756 --- [http-nio-8181-exec-1] o.s.security.web.FilterChainProxy        : Securing OPTIONS /api/auth/register
2023-10-12T09:28:42.672+05:30 DEBUG 17756 --- [http-nio-8181-exec-2] o.s.security.web.FilterChainProxy        : Securing POST /api/auth/register
2023-10-12T09:28:42.680+05:30 DEBUG 17756 --- [http-nio-8181-exec-2] o.s.s.w.a.AnonymousAuthenticationFilter  : Set SecurityContextHolder to anonymous SecurityContext
2023-10-12T09:28:42.698+05:30 DEBUG 17756 --- [http-nio-8181-exec-2] o.s.security.web.FilterChainProxy        : Secured POST /api/auth/register
2023-10-12T09:28:57.357+05:30 DEBUG 17756 --- [http-nio-8181-exec-3] o.s.security.web.FilterChainProxy        : Securing OPTIONS /api/auth/login
2023-10-12T09:28:57.363+05:30 DEBUG 17756 --- [http-nio-8181-exec-4] o.s.security.web.FilterChainProxy        : Securing POST /api/auth/login
2023-10-12T09:28:57.365+05:30 DEBUG 17756 --- [http-nio-8181-exec-4] o.s.s.w.a.AnonymousAuthenticationFilter  : Set SecurityContextHolder to anonymous SecurityContext
2023-10-12T09:28:57.367+05:30 DEBUG 17756 --- [http-nio-8181-exec-4] o.s.security.web.FilterChainProxy        : Secured POST /api/auth/login
2023-10-12T09:28:57.705+05:30 DEBUG 17756 --- [http-nio-8181-exec-4] o.s.s.a.dao.DaoAuthenticationProvider    : Authenticated user
2023-10-12T09:29:00.342+05:30 DEBUG 17756 --- [http-nio-8181-exec-5] o.s.security.web.FilterChainProxy        : Securing OPTIONS /api/song/getall
2023-10-12T09:29:00.348+05:30 DEBUG 17756 --- [http-nio-8181-exec-6] o.s.security.web.FilterChainProxy        : Securing GET /api/song/getall
2023-10-12T09:29:00.448+05:30 DEBUG 17756 --- [http-nio-8181-exec-6] o.s.security.web.FilterChainProxy        : Secured GET /api/song/getall
2023-10-12T09:29:03.235+05:30 DEBUG 17756 --- [http-nio-8181-exec-7] o.s.security.web.FilterChainProxy        : Securing OPTIONS /api/song/delete/11
2023-10-12T09:29:03.239+05:30 DEBUG 17756 --- [http-nio-8181-exec-8] o.s.security.web.FilterChainProxy        : Securing DELETE /api/song/delete/11
2023-10-12T09:29:03.254+05:30 DEBUG 17756 --- [http-nio-8181-exec-8] o.s.security.web.FilterChainProxy        : Secured DELETE /api/song/delete/11
2023-10-12T09:29:03.999+05:30 DEBUG 17756 --- [http-nio-8181-exec-9] o.s.security.web.FilterChainProxy        : Securing OPTIONS /api/song/delete/12
2023-10-12T09:29:04.005+05:30 DEBUG 17756 --- [http-nio-8181-exec-10] o.s.security.web.FilterChainProxy        : Securing DELETE /api/song/delete/12
2023-10-12T09:29:04.023+05:30 DEBUG 17756 --- [http-nio-8181-exec-10] o.s.security.web.FilterChainProxy        : Secured DELETE /api/song/delete/12
2023-10-12T09:29:04.696+05:30 DEBUG 17756 --- [http-nio-8181-exec-1] o.s.security.web.FilterChainProxy        : Securing OPTIONS /api/song/delete/13
2023-10-12T09:29:04.700+05:30 DEBUG 17756 --- [http-nio-8181-exec-2] o.s.security.web.FilterChainProxy        : Securing DELETE /api/song/delete/13
2023-10-12T09:29:04.718+05:30 DEBUG 17756 --- [http-nio-8181-exec-2] o.s.security.web.FilterChainProxy        : Secured DELETE /api/song/delete/13
2023-10-12T09:29:05.476+05:30 DEBUG 17756 --- [http-nio-8181-exec-3] o.s.security.web.FilterChainProxy        : Securing OPTIONS /api/song/delete/14
2023-10-12T09:29:05.479+05:30 DEBUG 17756 --- [http-nio-8181-exec-4] o.s.security.web.FilterChainProxy        : Securing DELETE /api/song/delete/14
2023-10-12T09:29:05.496+05:30 DEBUG 17756 --- [http-nio-8181-exec-4] o.s.security.web.FilterChainProxy        : Secured DELETE /api/song/delete/14
2023-10-12T09:29:05.901+05:30 DEBUG 17756 --- [http-nio-8181-exec-5] o.s.security.web.FilterChainProxy        : Securing OPTIONS /api/song/delete/15
2023-10-12T09:29:05.907+05:30 DEBUG 17756 --- [http-nio-8181-exec-6] o.s.security.web.FilterChainProxy        : Securing DELETE /api/song/delete/15
2023-10-12T09:29:05.925+05:30 DEBUG 17756 --- [http-nio-8181-exec-6] o.s.security.web.FilterChainProxy        : Secured DELETE /api/song/delete/15
2023-10-12T09:29:34.490+05:30 DEBUG 17756 --- [http-nio-8181-exec-8] o.s.security.web.FilterChainProxy        : Securing OPTIONS /api/song/getall
2023-10-12T09:29:34.495+05:30 DEBUG 17756 --- [http-nio-8181-exec-9] o.s.security.web.FilterChainProxy        : Securing GET /api/song/getall
2023-10-12T09:29:34.511+05:30 DEBUG 17756 --- [http-nio-8181-exec-9] o.s.security.web.FilterChainProxy        : Secured GET /api/song/getall
2023-10-12T09:29:42.196+05:30 DEBUG 17756 --- [http-nio-8181-exec-1] o.s.security.web.FilterChainProxy        : Securing OPTIONS /api/song/create
2023-10-12T09:29:42.199+05:30 DEBUG 17756 --- [http-nio-8181-exec-2] o.s.security.web.FilterChainProxy        : Securing POST /api/song/create
2023-10-12T09:29:42.214+05:30 DEBUG 17756 --- [http-nio-8181-exec-2] o.s.security.web.FilterChainProxy        : Secured POST /api/song/create
2023-10-12T09:30:53.643+05:30 DEBUG 17756 --- [http-nio-8181-exec-4] o.s.security.web.FilterChainProxy        : Securing OPTIONS /api/song/getall
2023-10-12T09:30:53.648+05:30 DEBUG 17756 --- [http-nio-8181-exec-5] o.s.security.web.FilterChainProxy        : Securing GET /api/song/getall
2023-10-12T09:30:53.664+05:30 DEBUG 17756 --- [http-nio-8181-exec-5] o.s.security.web.FilterChainProxy        : Secured GET /api/song/getall
2023-10-12T09:30:55.550+05:30 DEBUG 17756 --- [http-nio-8181-exec-7] o.s.security.web.FilterChainProxy        : Securing OPTIONS /api/song/put/16
2023-10-12T09:30:55.554+05:30 DEBUG 17756 --- [http-nio-8181-exec-8] o.s.security.web.FilterChainProxy        : Securing PUT /api/song/put/16
2023-10-12T09:30:55.574+05:30 DEBUG 17756 --- [http-nio-8181-exec-8] o.s.security.web.FilterChainProxy        : Secured PUT /api/song/put/16
2023-10-12T09:30:59.855+05:30 DEBUG 17756 --- [http-nio-8181-exec-9] o.s.security.web.FilterChainProxy        : Securing PUT /api/song/put/16
2023-10-12T09:30:59.872+05:30 DEBUG 17756 --- [http-nio-8181-exec-9] o.s.security.web.FilterChainProxy        : Secured PUT /api/song/put/16
2023-10-12T09:31:03.097+05:30 DEBUG 17756 --- [http-nio-8181-exec-10] o.s.security.web.FilterChainProxy        : Securing OPTIONS /api/song/delete/16
2023-10-12T09:31:03.101+05:30 DEBUG 17756 --- [http-nio-8181-exec-1] o.s.security.web.FilterChainProxy        : Securing DELETE /api/song/delete/16
2023-10-12T09:31:03.115+05:30 DEBUG 17756 --- [http-nio-8181-exec-1] o.s.security.web.FilterChainProxy        : Secured DELETE /api/song/delete/16
2023-10-12T09:31:11.852+05:30  INFO 17756 --- [RMI TCP Connection(6)-127.0.0.1] inMXBeanRegistrar$SpringApplicationAdmin : Application shutdown requested.
2023-10-12T09:31:11.880+05:30  INFO 17756 --- [RMI TCP Connection(6)-127.0.0.1] o.apache.catalina.core.StandardService   : Stopping service [Tomcat]
2023-10-12T09:31:11.882+05:30  INFO 17756 --- [RMI TCP Connection(6)-127.0.0.1] o.a.c.c.C.[Tomcat].[localhost].[/]       : Destroying Spring FrameworkServlet 'dispatcherServlet'
2023-10-12T09:31:11.886+05:30  WARN 17756 --- [RMI TCP Connection(6)-127.0.0.1] o.a.c.loader.WebappClassLoaderBase       : The web application [ROOT] appears to have started a thread named [HikariPool-1 housekeeper] but has failed to stop it. This is very likely to create a memory leak. Stack trace of thread:
 java.base@17.0.6/jdk.internal.misc.Unsafe.park(Native Method)
 java.base@17.0.6/java.util.concurrent.locks.LockSupport.parkNanos(LockSupport.java:252)
 java.base@17.0.6/java.util.concurrent.locks.AbstractQueuedSynchronizer$ConditionObject.awaitNanos(AbstractQueuedSynchronizer.java:1672)
 java.base@17.0.6/java.util.concurrent.ScheduledThreadPoolExecutor$DelayedWorkQueue.take(ScheduledThreadPoolExecutor.java:1182)
 java.base@17.0.6/java.util.concurrent.ScheduledThreadPoolExecutor$DelayedWorkQueue.take(ScheduledThreadPoolExecutor.java:899)
 java.base@17.0.6/java.util.concurrent.ThreadPoolExecutor.getTask(ThreadPoolExecutor.java:1062)
 java.base@17.0.6/java.util.concurrent.ThreadPoolExecutor.runWorker(ThreadPoolExecutor.java:1122)
 java.base@17.0.6/java.util.concurrent.ThreadPoolExecutor$Worker.run(ThreadPoolExecutor.java:635)
 java.base@17.0.6/java.lang.Thread.run(Thread.java:833)
2023-10-12T09:31:11.894+05:30  INFO 17756 --- [RMI TCP Connection(6)-127.0.0.1] j.LocalContainerEntityManagerFactoryBean : Closing JPA EntityManagerFactory for persistence unit 'default'
2023-10-12T09:31:11.899+05:30  INFO 17756 --- [RMI TCP Connection(6)-127.0.0.1] com.zaxxer.hikari.HikariDataSource       : HikariPool-1 - Shutdown initiated...
2023-10-12T09:31:11.909+05:30  INFO 17756 --- [RMI TCP Connection(6)-127.0.0.1] com.zaxxer.hikari.HikariDataSource       : HikariPool-1 - Shutdown completed.
2023-10-12T12:15:46.022+05:30  INFO 11360 --- [restartedMain] c.e.demo.PlaylistSecurityApplication     : Starting PlaylistSecurityApplication using Java 17.0.6 with PID 11360 (D:\projects\spring tool suite workspace\Playlist-security\target\classes started by Dharshan in D:\projects\spring tool suite workspace\Playlist-security)
2023-10-12T12:15:46.025+05:30  INFO 11360 --- [restartedMain] c.e.demo.PlaylistSecurityApplication     : No active profile set, falling back to 1 default profile: "default"
2023-10-12T12:15:46.088+05:30  INFO 11360 --- [restartedMain] .e.DevToolsPropertyDefaultsPostProcessor : Devtools property defaults active! Set 'spring.devtools.add-properties' to 'false' to disable
2023-10-12T12:15:46.089+05:30  INFO 11360 --- [restartedMain] .e.DevToolsPropertyDefaultsPostProcessor : For additional web related logging consider setting the 'logging.level.web' property to 'DEBUG'
2023-10-12T12:15:47.300+05:30  INFO 11360 --- [restartedMain] .s.d.r.c.RepositoryConfigurationDelegate : Bootstrapping Spring Data JPA repositories in DEFAULT mode.
2023-10-12T12:15:47.415+05:30  INFO 11360 --- [restartedMain] .s.d.r.c.RepositoryConfigurationDelegate : Finished Spring Data repository scanning in 104 ms. Found 5 JPA repository interfaces.
2023-10-12T12:15:48.420+05:30  INFO 11360 --- [restartedMain] o.s.b.w.embedded.tomcat.TomcatWebServer  : Tomcat initialized with port(s): 8181 (http)
2023-10-12T12:15:48.434+05:30  INFO 11360 --- [restartedMain] o.apache.catalina.core.StandardService   : Starting service [Tomcat]
2023-10-12T12:15:48.435+05:30  INFO 11360 --- [restartedMain] o.apache.catalina.core.StandardEngine    : Starting Servlet engine: [Apache Tomcat/10.1.13]
2023-10-12T12:15:48.557+05:30  INFO 11360 --- [restartedMain] o.a.c.c.C.[Tomcat].[localhost].[/]       : Initializing Spring embedded WebApplicationContext
2023-10-12T12:15:48.558+05:30  INFO 11360 --- [restartedMain] w.s.c.ServletWebServerApplicationContext : Root WebApplicationContext: initialization completed in 2467 ms
2023-10-12T12:15:48.784+05:30  INFO 11360 --- [restartedMain] o.hibernate.jpa.internal.util.LogHelper  : HHH000204: Processing PersistenceUnitInfo [name: default]
2023-10-12T12:15:48.888+05:30  INFO 11360 --- [restartedMain] org.hibernate.Version                    : HHH000412: Hibernate ORM core version 6.2.9.Final
2023-10-12T12:15:48.900+05:30  INFO 11360 --- [restartedMain] org.hibernate.cfg.Environment            : HHH000406: Using bytecode reflection optimizer
2023-10-12T12:15:49.124+05:30  INFO 11360 --- [restartedMain] o.h.b.i.BytecodeProviderInitiator        : HHH000021: Bytecode provider name : bytebuddy
2023-10-12T12:15:49.343+05:30  INFO 11360 --- [restartedMain] o.s.o.j.p.SpringPersistenceUnitInfo      : No LoadTimeWeaver setup: ignoring JPA class transformer
2023-10-12T12:15:49.370+05:30  INFO 11360 --- [restartedMain] com.zaxxer.hikari.HikariDataSource       : HikariPool-1 - Starting...
2023-10-12T12:15:49.813+05:30  INFO 11360 --- [restartedMain] com.zaxxer.hikari.pool.HikariPool        : HikariPool-1 - Added connection com.mysql.cj.jdbc.ConnectionImpl@498e181b
2023-10-12T12:15:49.816+05:30  INFO 11360 --- [restartedMain] com.zaxxer.hikari.HikariDataSource       : HikariPool-1 - Start completed.
2023-10-12T12:15:49.910+05:30  WARN 11360 --- [restartedMain] org.hibernate.orm.deprecation            : HHH90000026: MySQL8Dialect has been deprecated; use org.hibernate.dialect.MySQLDialect instead
2023-10-12T12:15:50.350+05:30  INFO 11360 --- [restartedMain] o.h.b.i.BytecodeProviderInitiator        : HHH000021: Bytecode provider name : bytebuddy
2023-10-12T12:15:51.498+05:30  INFO 11360 --- [restartedMain] o.h.e.t.j.p.i.JtaPlatformInitiator       : HHH000490: Using JtaPlatform implementation: [org.hibernate.engine.transaction.jta.platform.internal.NoJtaPlatform]
2023-10-12T12:15:51.628+05:30  INFO 11360 --- [restartedMain] j.LocalContainerEntityManagerFactoryBean : Initialized JPA EntityManagerFactory for persistence unit 'default'
2023-10-12T12:15:52.623+05:30  WARN 11360 --- [restartedMain] JpaBaseConfiguration$JpaWebConfiguration : spring.jpa.open-in-view is enabled by default. Therefore, database queries may be performed during view rendering. Explicitly configure spring.jpa.open-in-view to disable this warning
2023-10-12T12:15:53.115+05:30  INFO 11360 --- [restartedMain] o.s.s.web.DefaultSecurityFilterChain     : Will secure any request with [org.springframework.security.web.session.DisableEncodeUrlFilter@64e79f6c, org.springframework.security.web.context.request.async.WebAsyncManagerIntegrationFilter@35121e63, org.springframework.security.web.context.SecurityContextHolderFilter@476aa5f3, org.springframework.security.web.header.HeaderWriterFilter@4fc5964d, org.springframework.web.filter.CorsFilter@4aacf92a, org.springframework.security.web.authentication.logout.LogoutFilter@774cb1f6, com.example.demo.config.JwtAuthentication@6f9d068e, org.springframework.security.web.savedrequest.RequestCacheAwareFilter@63aa5aca, org.springframework.security.web.servletapi.SecurityContextHolderAwareRequestFilter@6dcf6dfe, org.springframework.security.web.authentication.AnonymousAuthenticationFilter@438e71bf, org.springframework.security.web.session.SessionManagementFilter@1584842a, org.springframework.security.web.access.ExceptionTranslationFilter@e7a133, org.springframework.security.web.access.intercept.AuthorizationFilter@1ae969aa]
2023-10-12T12:15:53.583+05:30  INFO 11360 --- [restartedMain] o.s.b.d.a.OptionalLiveReloadServer       : LiveReload server is running on port 35729
2023-10-12T12:15:53.679+05:30  INFO 11360 --- [restartedMain] o.s.b.w.embedded.tomcat.TomcatWebServer  : Tomcat started on port(s): 8181 (http) with context path ''
2023-10-12T12:15:53.693+05:30  INFO 11360 --- [restartedMain] c.e.demo.PlaylistSecurityApplication     : Started PlaylistSecurityApplication in 8.311 seconds (process running for 9.554)
2023-10-12T12:25:32.418+05:30  INFO 11360 --- [http-nio-8181-exec-1] o.a.c.c.C.[Tomcat].[localhost].[/]       : Initializing Spring DispatcherServlet 'dispatcherServlet'
2023-10-12T12:25:32.419+05:30  INFO 11360 --- [http-nio-8181-exec-1] o.s.web.servlet.DispatcherServlet        : Initializing Servlet 'dispatcherServlet'
2023-10-12T12:25:32.421+05:30  INFO 11360 --- [http-nio-8181-exec-1] o.s.web.servlet.DispatcherServlet        : Completed initialization in 2 ms
2023-10-12T12:25:32.435+05:30 DEBUG 11360 --- [http-nio-8181-exec-1] o.s.security.web.FilterChainProxy        : Securing OPTIONS /api/auth/register
2023-10-12T12:25:32.475+05:30 DEBUG 11360 --- [http-nio-8181-exec-2] o.s.security.web.FilterChainProxy        : Securing POST /api/auth/register
2023-10-12T12:25:32.483+05:30 DEBUG 11360 --- [http-nio-8181-exec-2] o.s.s.w.a.AnonymousAuthenticationFilter  : Set SecurityContextHolder to anonymous SecurityContext
2023-10-12T12:25:32.502+05:30 DEBUG 11360 --- [http-nio-8181-exec-2] o.s.security.web.FilterChainProxy        : Secured POST /api/auth/register
2023-10-12T12:25:45.841+05:30 DEBUG 11360 --- [http-nio-8181-exec-3] o.s.security.web.FilterChainProxy        : Securing OPTIONS /api/auth/login
2023-10-12T12:25:45.850+05:30 DEBUG 11360 --- [http-nio-8181-exec-3] o.s.security.web.FilterChainProxy        : Securing POST /api/auth/login
2023-10-12T12:25:45.852+05:30 DEBUG 11360 --- [http-nio-8181-exec-3] o.s.s.w.a.AnonymousAuthenticationFilter  : Set SecurityContextHolder to anonymous SecurityContext
2023-10-12T12:25:45.852+05:30 DEBUG 11360 --- [http-nio-8181-exec-3] o.s.security.web.FilterChainProxy        : Secured POST /api/auth/login
2023-10-12T12:25:46.231+05:30 DEBUG 11360 --- [http-nio-8181-exec-3] o.s.s.a.dao.DaoAuthenticationProvider    : Authenticated user
2023-10-12T12:27:04.635+05:30 DEBUG 11360 --- [http-nio-8181-exec-5] o.s.security.web.FilterChainProxy        : Securing OPTIONS /api/song/getall
2023-10-12T12:27:04.647+05:30 DEBUG 11360 --- [http-nio-8181-exec-6] o.s.security.web.FilterChainProxy        : Securing GET /api/song/getall
2023-10-12T12:27:04.774+05:30 DEBUG 11360 --- [http-nio-8181-exec-6] o.s.security.web.FilterChainProxy        : Secured GET /api/song/getall
2023-10-12T12:27:24.004+05:30 DEBUG 11360 --- [http-nio-8181-exec-7] o.s.security.web.FilterChainProxy        : Securing OPTIONS /api/song/create
2023-10-12T12:27:24.015+05:30 DEBUG 11360 --- [http-nio-8181-exec-8] o.s.security.web.FilterChainProxy        : Securing POST /api/song/create
2023-10-12T12:27:24.035+05:30 DEBUG 11360 --- [http-nio-8181-exec-8] o.s.security.web.FilterChainProxy        : Secured POST /api/song/create
2023-10-12T12:27:34.909+05:30 DEBUG 11360 --- [http-nio-8181-exec-9] o.s.security.web.FilterChainProxy        : Securing OPTIONS /api/song/put/19
2023-10-12T12:27:34.921+05:30 DEBUG 11360 --- [http-nio-8181-exec-10] o.s.security.web.FilterChainProxy        : Securing PUT /api/song/put/19
2023-10-12T12:27:34.943+05:30 DEBUG 11360 --- [http-nio-8181-exec-10] o.s.security.web.FilterChainProxy        : Secured PUT /api/song/put/19
2023-10-12T12:56:15.140+05:30  INFO 11360 --- [RMI TCP Connection(42)-127.0.0.1] inMXBeanRegistrar$SpringApplicationAdmin : Application shutdown requested.
2023-10-12T12:56:15.173+05:30  INFO 11360 --- [RMI TCP Connection(42)-127.0.0.1] o.apache.catalina.core.StandardService   : Stopping service [Tomcat]
2023-10-12T12:56:15.176+05:30  INFO 11360 --- [RMI TCP Connection(42)-127.0.0.1] o.a.c.c.C.[Tomcat].[localhost].[/]       : Destroying Spring FrameworkServlet 'dispatcherServlet'
2023-10-12T12:56:15.181+05:30  WARN 11360 --- [RMI TCP Connection(42)-127.0.0.1] o.a.c.loader.WebappClassLoaderBase       : The web application [ROOT] appears to have started a thread named [HikariPool-1 housekeeper] but has failed to stop it. This is very likely to create a memory leak. Stack trace of thread:
 java.base@17.0.6/jdk.internal.misc.Unsafe.park(Native Method)
 java.base@17.0.6/java.util.concurrent.locks.LockSupport.parkNanos(LockSupport.java:252)
 java.base@17.0.6/java.util.concurrent.locks.AbstractQueuedSynchronizer$ConditionObject.awaitNanos(AbstractQueuedSynchronizer.java:1672)
 java.base@17.0.6/java.util.concurrent.ScheduledThreadPoolExecutor$DelayedWorkQueue.take(ScheduledThreadPoolExecutor.java:1182)
 java.base@17.0.6/java.util.concurrent.ScheduledThreadPoolExecutor$DelayedWorkQueue.take(ScheduledThreadPoolExecutor.java:899)
 java.base@17.0.6/java.util.concurrent.ThreadPoolExecutor.getTask(ThreadPoolExecutor.java:1062)
 java.base@17.0.6/java.util.concurrent.ThreadPoolExecutor.runWorker(ThreadPoolExecutor.java:1122)
 java.base@17.0.6/java.util.concurrent.ThreadPoolExecutor$Worker.run(ThreadPoolExecutor.java:635)
 java.base@17.0.6/java.lang.Thread.run(Thread.java:833)
2023-10-12T12:56:15.190+05:30  INFO 11360 --- [RMI TCP Connection(42)-127.0.0.1] j.LocalContainerEntityManagerFactoryBean : Closing JPA EntityManagerFactory for persistence unit 'default'
2023-10-12T12:56:15.196+05:30  INFO 11360 --- [RMI TCP Connection(42)-127.0.0.1] com.zaxxer.hikari.HikariDataSource       : HikariPool-1 - Shutdown initiated...
2023-10-12T12:56:15.206+05:30  INFO 11360 --- [RMI TCP Connection(42)-127.0.0.1] com.zaxxer.hikari.HikariDataSource       : HikariPool-1 - Shutdown completed.
2023-10-12T12:56:30.254+05:30  INFO 10540 --- [restartedMain] c.e.demo.PlaylistSecurityApplication     : Starting PlaylistSecurityApplication using Java 17.0.6 with PID 10540 (D:\projects\spring tool suite workspace\Playlist-security\target\classes started by Dharshan in D:\projects\spring tool suite workspace\Playlist-security)
2023-10-12T12:56:30.257+05:30  INFO 10540 --- [restartedMain] c.e.demo.PlaylistSecurityApplication     : No active profile set, falling back to 1 default profile: "default"
2023-10-12T12:56:30.327+05:30  INFO 10540 --- [restartedMain] .e.DevToolsPropertyDefaultsPostProcessor : Devtools property defaults active! Set 'spring.devtools.add-properties' to 'false' to disable
2023-10-12T12:56:30.327+05:30  INFO 10540 --- [restartedMain] .e.DevToolsPropertyDefaultsPostProcessor : For additional web related logging consider setting the 'logging.level.web' property to 'DEBUG'
2023-10-12T12:56:31.630+05:30  INFO 10540 --- [restartedMain] .s.d.r.c.RepositoryConfigurationDelegate : Bootstrapping Spring Data JPA repositories in DEFAULT mode.
2023-10-12T12:56:31.765+05:30  INFO 10540 --- [restartedMain] .s.d.r.c.RepositoryConfigurationDelegate : Finished Spring Data repository scanning in 120 ms. Found 5 JPA repository interfaces.
2023-10-12T12:56:32.872+05:30  INFO 10540 --- [restartedMain] o.s.b.w.embedded.tomcat.TomcatWebServer  : Tomcat initialized with port(s): 8181 (http)
2023-10-12T12:56:32.886+05:30  INFO 10540 --- [restartedMain] o.apache.catalina.core.StandardService   : Starting service [Tomcat]
2023-10-12T12:56:32.887+05:30  INFO 10540 --- [restartedMain] o.apache.catalina.core.StandardEngine    : Starting Servlet engine: [Apache Tomcat/10.1.13]
2023-10-12T12:56:33.009+05:30  INFO 10540 --- [restartedMain] o.a.c.c.C.[Tomcat].[localhost].[/]       : Initializing Spring embedded WebApplicationContext
2023-10-12T12:56:33.010+05:30  INFO 10540 --- [restartedMain] w.s.c.ServletWebServerApplicationContext : Root WebApplicationContext: initialization completed in 2682 ms
2023-10-12T12:56:33.243+05:30  INFO 10540 --- [restartedMain] o.hibernate.jpa.internal.util.LogHelper  : HHH000204: Processing PersistenceUnitInfo [name: default]
2023-10-12T12:56:33.349+05:30  INFO 10540 --- [restartedMain] org.hibernate.Version                    : HHH000412: Hibernate ORM core version 6.2.9.Final
2023-10-12T12:56:33.354+05:30  INFO 10540 --- [restartedMain] org.hibernate.cfg.Environment            : HHH000406: Using bytecode reflection optimizer
2023-10-12T12:56:33.591+05:30  INFO 10540 --- [restartedMain] o.h.b.i.BytecodeProviderInitiator        : HHH000021: Bytecode provider name : bytebuddy
2023-10-12T12:56:33.824+05:30  INFO 10540 --- [restartedMain] o.s.o.j.p.SpringPersistenceUnitInfo      : No LoadTimeWeaver setup: ignoring JPA class transformer
2023-10-12T12:56:33.855+05:30  INFO 10540 --- [restartedMain] com.zaxxer.hikari.HikariDataSource       : HikariPool-1 - Starting...
2023-10-12T12:56:34.365+05:30  INFO 10540 --- [restartedMain] com.zaxxer.hikari.pool.HikariPool        : HikariPool-1 - Added connection com.mysql.cj.jdbc.ConnectionImpl@22f271aa
2023-10-12T12:56:34.369+05:30  INFO 10540 --- [restartedMain] com.zaxxer.hikari.HikariDataSource       : HikariPool-1 - Start completed.
2023-10-12T12:56:34.463+05:30  WARN 10540 --- [restartedMain] org.hibernate.orm.deprecation            : HHH90000026: MySQL8Dialect has been deprecated; use org.hibernate.dialect.MySQLDialect instead
2023-10-12T12:56:34.889+05:30  INFO 10540 --- [restartedMain] o.h.b.i.BytecodeProviderInitiator        : HHH000021: Bytecode provider name : bytebuddy
2023-10-12T12:56:36.104+05:30  INFO 10540 --- [restartedMain] o.h.e.t.j.p.i.JtaPlatformInitiator       : HHH000490: Using JtaPlatform implementation: [org.hibernate.engine.transaction.jta.platform.internal.NoJtaPlatform]
2023-10-12T12:56:36.250+05:30  INFO 10540 --- [restartedMain] j.LocalContainerEntityManagerFactoryBean : Initialized JPA EntityManagerFactory for persistence unit 'default'
2023-10-12T12:56:37.256+05:30  WARN 10540 --- [restartedMain] JpaBaseConfiguration$JpaWebConfiguration : spring.jpa.open-in-view is enabled by default. Therefore, database queries may be performed during view rendering. Explicitly configure spring.jpa.open-in-view to disable this warning
2023-10-12T12:56:37.792+05:30  INFO 10540 --- [restartedMain] o.s.s.web.DefaultSecurityFilterChain     : Will secure any request with [org.springframework.security.web.session.DisableEncodeUrlFilter@4ecfd44c, org.springframework.security.web.context.request.async.WebAsyncManagerIntegrationFilter@59cc5ded, org.springframework.security.web.context.SecurityContextHolderFilter@30131920, org.springframework.security.web.header.HeaderWriterFilter@33f9d37e, org.springframework.web.filter.CorsFilter@29ae95a9, org.springframework.security.web.authentication.logout.LogoutFilter@468ccbd6, com.example.demo.config.JwtAuthentication@4e9b635c, org.springframework.security.web.savedrequest.RequestCacheAwareFilter@3f71846f, org.springframework.security.web.servletapi.SecurityContextHolderAwareRequestFilter@198bd7d2, org.springframework.security.web.authentication.AnonymousAuthenticationFilter@15bd181b, org.springframework.security.web.session.SessionManagementFilter@1e524721, org.springframework.security.web.access.ExceptionTranslationFilter@6b2d0f6d, org.springframework.security.web.access.intercept.AuthorizationFilter@c3364fc]
2023-10-12T12:56:38.293+05:30  INFO 10540 --- [restartedMain] o.s.b.d.a.OptionalLiveReloadServer       : LiveReload server is running on port 35729
2023-10-12T12:56:38.403+05:30  INFO 10540 --- [restartedMain] o.s.b.w.embedded.tomcat.TomcatWebServer  : Tomcat started on port(s): 8181 (http) with context path ''
2023-10-12T12:56:38.421+05:30  INFO 10540 --- [restartedMain] c.e.demo.PlaylistSecurityApplication     : Started PlaylistSecurityApplication in 8.774 seconds (process running for 10.138)
2023-10-12T12:58:50.738+05:30  INFO 10540 --- [RMI TCP Connection(6)-127.0.0.1] inMXBeanRegistrar$SpringApplicationAdmin : Application shutdown requested.
2023-10-12T12:58:50.764+05:30  INFO 10540 --- [RMI TCP Connection(6)-127.0.0.1] o.apache.catalina.core.StandardService   : Stopping service [Tomcat]
2023-10-12T12:58:50.770+05:30  WARN 10540 --- [RMI TCP Connection(6)-127.0.0.1] o.a.c.loader.WebappClassLoaderBase       : The web application [ROOT] appears to have started a thread named [HikariPool-1 housekeeper] but has failed to stop it. This is very likely to create a memory leak. Stack trace of thread:
 java.base@17.0.6/jdk.internal.misc.Unsafe.park(Native Method)
 java.base@17.0.6/java.util.concurrent.locks.LockSupport.parkNanos(LockSupport.java:252)
 java.base@17.0.6/java.util.concurrent.locks.AbstractQueuedSynchronizer$ConditionObject.awaitNanos(AbstractQueuedSynchronizer.java:1672)
 java.base@17.0.6/java.util.concurrent.ScheduledThreadPoolExecutor$DelayedWorkQueue.take(ScheduledThreadPoolExecutor.java:1182)
 java.base@17.0.6/java.util.concurrent.ScheduledThreadPoolExecutor$DelayedWorkQueue.take(ScheduledThreadPoolExecutor.java:899)
 java.base@17.0.6/java.util.concurrent.ThreadPoolExecutor.getTask(ThreadPoolExecutor.java:1062)
 java.base@17.0.6/java.util.concurrent.ThreadPoolExecutor.runWorker(ThreadPoolExecutor.java:1122)
 java.base@17.0.6/java.util.concurrent.ThreadPoolExecutor$Worker.run(ThreadPoolExecutor.java:635)
 java.base@17.0.6/java.lang.Thread.run(Thread.java:833)
2023-10-12T12:58:50.779+05:30  INFO 10540 --- [RMI TCP Connection(6)-127.0.0.1] j.LocalContainerEntityManagerFactoryBean : Closing JPA EntityManagerFactory for persistence unit 'default'
2023-10-12T12:58:50.785+05:30  INFO 10540 --- [RMI TCP Connection(6)-127.0.0.1] com.zaxxer.hikari.HikariDataSource       : HikariPool-1 - Shutdown initiated...
2023-10-12T12:58:50.798+05:30  INFO 10540 --- [RMI TCP Connection(6)-127.0.0.1] com.zaxxer.hikari.HikariDataSource       : HikariPool-1 - Shutdown completed.
2023-10-12T12:58:58.801+05:30  INFO 21200 --- [restartedMain] c.e.demo.PlaylistSecurityApplication     : Starting PlaylistSecurityApplication using Java 17.0.6 with PID 21200 (D:\projects\spring tool suite workspace\Playlist-security\target\classes started by Dharshan in D:\projects\spring tool suite workspace\Playlist-security)
2023-10-12T12:58:58.805+05:30  INFO 21200 --- [restartedMain] c.e.demo.PlaylistSecurityApplication     : No active profile set, falling back to 1 default profile: "default"
2023-10-12T12:58:58.893+05:30  INFO 21200 --- [restartedMain] .e.DevToolsPropertyDefaultsPostProcessor : Devtools property defaults active! Set 'spring.devtools.add-properties' to 'false' to disable
2023-10-12T12:58:58.894+05:30  INFO 21200 --- [restartedMain] .e.DevToolsPropertyDefaultsPostProcessor : For additional web related logging consider setting the 'logging.level.web' property to 'DEBUG'
2023-10-12T12:59:00.002+05:30  INFO 21200 --- [restartedMain] .s.d.r.c.RepositoryConfigurationDelegate : Bootstrapping Spring Data JPA repositories in DEFAULT mode.
2023-10-12T12:59:00.119+05:30  INFO 21200 --- [restartedMain] .s.d.r.c.RepositoryConfigurationDelegate : Finished Spring Data repository scanning in 102 ms. Found 5 JPA repository interfaces.
2023-10-12T12:59:01.039+05:30  INFO 21200 --- [restartedMain] o.s.b.w.embedded.tomcat.TomcatWebServer  : Tomcat initialized with port(s): 8181 (http)
2023-10-12T12:59:01.052+05:30  INFO 21200 --- [restartedMain] o.apache.catalina.core.StandardService   : Starting service [Tomcat]
2023-10-12T12:59:01.052+05:30  INFO 21200 --- [restartedMain] o.apache.catalina.core.StandardEngine    : Starting Servlet engine: [Apache Tomcat/10.1.13]
2023-10-12T12:59:01.170+05:30  INFO 21200 --- [restartedMain] o.a.c.c.C.[Tomcat].[localhost].[/]       : Initializing Spring embedded WebApplicationContext
2023-10-12T12:59:01.171+05:30  INFO 21200 --- [restartedMain] w.s.c.ServletWebServerApplicationContext : Root WebApplicationContext: initialization completed in 2277 ms
2023-10-12T12:59:01.353+05:30  INFO 21200 --- [restartedMain] o.hibernate.jpa.internal.util.LogHelper  : HHH000204: Processing PersistenceUnitInfo [name: default]
2023-10-12T12:59:01.431+05:30  INFO 21200 --- [restartedMain] org.hibernate.Version                    : HHH000412: Hibernate ORM core version 6.2.9.Final
2023-10-12T12:59:01.435+05:30  INFO 21200 --- [restartedMain] org.hibernate.cfg.Environment            : HHH000406: Using bytecode reflection optimizer
2023-10-12T12:59:01.637+05:30  INFO 21200 --- [restartedMain] o.h.b.i.BytecodeProviderInitiator        : HHH000021: Bytecode provider name : bytebuddy
2023-10-12T12:59:01.823+05:30  INFO 21200 --- [restartedMain] o.s.o.j.p.SpringPersistenceUnitInfo      : No LoadTimeWeaver setup: ignoring JPA class transformer
2023-10-12T12:59:01.847+05:30  INFO 21200 --- [restartedMain] com.zaxxer.hikari.HikariDataSource       : HikariPool-1 - Starting...
2023-10-12T12:59:02.332+05:30  INFO 21200 --- [restartedMain] com.zaxxer.hikari.pool.HikariPool        : HikariPool-1 - Added connection com.mysql.cj.jdbc.ConnectionImpl@5ecf750e
2023-10-12T12:59:02.335+05:30  INFO 21200 --- [restartedMain] com.zaxxer.hikari.HikariDataSource       : HikariPool-1 - Start completed.
2023-10-12T12:59:02.403+05:30  WARN 21200 --- [restartedMain] org.hibernate.orm.deprecation            : HHH90000026: MySQL8Dialect has been deprecated; use org.hibernate.dialect.MySQLDialect instead
2023-10-12T12:59:02.777+05:30  INFO 21200 --- [restartedMain] o.h.b.i.BytecodeProviderInitiator        : HHH000021: Bytecode provider name : bytebuddy
2023-10-12T12:59:03.780+05:30  INFO 21200 --- [restartedMain] o.h.e.t.j.p.i.JtaPlatformInitiator       : HHH000490: Using JtaPlatform implementation: [org.hibernate.engine.transaction.jta.platform.internal.NoJtaPlatform]
2023-10-12T12:59:03.941+05:30  INFO 21200 --- [restartedMain] j.LocalContainerEntityManagerFactoryBean : Initialized JPA EntityManagerFactory for persistence unit 'default'
2023-10-12T12:59:04.843+05:30  WARN 21200 --- [restartedMain] JpaBaseConfiguration$JpaWebConfiguration : spring.jpa.open-in-view is enabled by default. Therefore, database queries may be performed during view rendering. Explicitly configure spring.jpa.open-in-view to disable this warning
2023-10-12T12:59:05.307+05:30  INFO 21200 --- [restartedMain] o.s.s.web.DefaultSecurityFilterChain     : Will secure any request with [org.springframework.security.web.session.DisableEncodeUrlFilter@5f4e08bc, org.springframework.security.web.context.request.async.WebAsyncManagerIntegrationFilter@19a7dd14, org.springframework.security.web.context.SecurityContextHolderFilter@3530e80b, org.springframework.security.web.header.HeaderWriterFilter@9bdafa1, org.springframework.web.filter.CorsFilter@50d0110d, org.springframework.security.web.authentication.logout.LogoutFilter@3d036a1d, com.example.demo.config.JwtAuthentication@1f38b587, org.springframework.security.web.savedrequest.RequestCacheAwareFilter@bfa2cf9, org.springframework.security.web.servletapi.SecurityContextHolderAwareRequestFilter@29980237, org.springframework.security.web.authentication.AnonymousAuthenticationFilter@19a7fcf1, org.springframework.security.web.session.SessionManagementFilter@3ffeaaa3, org.springframework.security.web.access.ExceptionTranslationFilter@37d91fe0, org.springframework.security.web.access.intercept.AuthorizationFilter@5122e1a0]
2023-10-12T12:59:05.752+05:30  INFO 21200 --- [restartedMain] o.s.b.d.a.OptionalLiveReloadServer       : LiveReload server is running on port 35729
2023-10-12T12:59:05.813+05:30  INFO 21200 --- [restartedMain] o.s.b.w.embedded.tomcat.TomcatWebServer  : Tomcat started on port(s): 8181 (http) with context path ''
2023-10-12T12:59:05.833+05:30  INFO 21200 --- [restartedMain] c.e.demo.PlaylistSecurityApplication     : Started PlaylistSecurityApplication in 7.581 seconds (process running for 8.853)
2023-10-12T12:59:32.817+05:30  INFO 21200 --- [RMI TCP Connection(4)-127.0.0.1] inMXBeanRegistrar$SpringApplicationAdmin : Application shutdown requested.
2023-10-12T12:59:32.845+05:30  INFO 21200 --- [RMI TCP Connection(4)-127.0.0.1] o.apache.catalina.core.StandardService   : Stopping service [Tomcat]
2023-10-12T12:59:32.852+05:30  WARN 21200 --- [RMI TCP Connection(4)-127.0.0.1] o.a.c.loader.WebappClassLoaderBase       : The web application [ROOT] appears to have started a thread named [HikariPool-1 housekeeper] but has failed to stop it. This is very likely to create a memory leak. Stack trace of thread:
 java.base@17.0.6/jdk.internal.misc.Unsafe.park(Native Method)
 java.base@17.0.6/java.util.concurrent.locks.LockSupport.parkNanos(LockSupport.java:252)
 java.base@17.0.6/java.util.concurrent.locks.AbstractQueuedSynchronizer$ConditionObject.awaitNanos(AbstractQueuedSynchronizer.java:1672)
 java.base@17.0.6/java.util.concurrent.ScheduledThreadPoolExecutor$DelayedWorkQueue.take(ScheduledThreadPoolExecutor.java:1182)
 java.base@17.0.6/java.util.concurrent.ScheduledThreadPoolExecutor$DelayedWorkQueue.take(ScheduledThreadPoolExecutor.java:899)
 java.base@17.0.6/java.util.concurrent.ThreadPoolExecutor.getTask(ThreadPoolExecutor.java:1062)
 java.base@17.0.6/java.util.concurrent.ThreadPoolExecutor.runWorker(ThreadPoolExecutor.java:1122)
 java.base@17.0.6/java.util.concurrent.ThreadPoolExecutor$Worker.run(ThreadPoolExecutor.java:635)
 java.base@17.0.6/java.lang.Thread.run(Thread.java:833)
2023-10-12T12:59:32.862+05:30  INFO 21200 --- [RMI TCP Connection(4)-127.0.0.1] j.LocalContainerEntityManagerFactoryBean : Closing JPA EntityManagerFactory for persistence unit 'default'
2023-10-12T12:59:32.869+05:30  INFO 21200 --- [RMI TCP Connection(4)-127.0.0.1] com.zaxxer.hikari.HikariDataSource       : HikariPool-1 - Shutdown initiated...
2023-10-12T12:59:32.882+05:30  INFO 21200 --- [RMI TCP Connection(4)-127.0.0.1] com.zaxxer.hikari.HikariDataSource       : HikariPool-1 - Shutdown completed.
